Сборка начата 15.02.2016 12:38:31.
     1>Проект "D:\Projects\polylib\polylib\polylib.vcxproj" в узле 2 (целевые объекты Rebuild).
     1>ClCompile:
         C:\Program Files (x86)\Microsoft Visual Studio 12.0\VC\bin\CL.exe /c /ZI /nologo /W3 /WX- /sdl /Od /Oy- /D WIN32 /D _DEBUG /D _CONSOLE /D _LIB /D _UNICODE /D UNICODE /Gm /EHsc /RTC1 /MDd /GS /fp:precise /Zc:wchar_t /Zc:forScope /Yc"stdafx.h" /Fp"Debug\polylib.pch" /Fo"Debug\\" /Fd"Debug\vc120.pdb" /Gd /TP /analyze- /errorReport:prompt stdafx.cpp
         stdafx.cpp
         C:\Program Files (x86)\Microsoft Visual Studio 12.0\VC\bin\CL.exe /c /ZI /nologo /W3 /WX- /sdl /Od /Oy- /D WIN32 /D _DEBUG /D _CONSOLE /D _LIB /D _UNICODE /D UNICODE /Gm /EHsc /RTC1 /MDd /GS /fp:precise /Zc:wchar_t /Zc:forScope /Yu"stdafx.h" /Fp"Debug\polylib.pch" /Fo"Debug\\" /Fd"Debug\vc120.pdb" /Gd /TP /analyze- /errorReport:prompt polylib.cpp
         polylib.cpp
     1>d:\projects\polylib\polylib\polylib.cpp(18): warning C4018: <: несоответствие типов со знаком и без знака
     1>d:\projects\polylib\polylib\polylib.cpp(19): warning C4018: <: несоответствие типов со знаком и без знака
     1>d:\projects\polylib\polylib\polylib.cpp(20): warning C4018: <: несоответствие типов со знаком и без знака
     1>d:\projects\polylib\polylib\polylib.cpp(30): warning C4018: <: несоответствие типов со знаком и без знака
     1>d:\projects\polylib\polylib\polylib.cpp(66): warning C4018: <: несоответствие типов со знаком и без знака
     1>d:\projects\polylib\polylib\polylib.cpp(67): warning C4018: <: несоответствие типов со знаком и без знака
     1>d:\projects\polylib\polylib\polylib.cpp(131): warning C4018: <: несоответствие типов со знаком и без знака
     1>d:\projects\polylib\polylib\polylib.cpp(133): warning C4018: >=: несоответствие типов со знаком и без знака
     1>d:\projects\polylib\polylib\polylib.cpp(134): warning C4018: >=: несоответствие типов со знаком и без знака
     1>d:\projects\polylib\polylib\polylib.cpp(141): warning C4018: <: несоответствие типов со знаком и без знака
     1>d:\projects\polylib\polylib\polylib.cpp(147): warning C4018: <: несоответствие типов со знаком и без знака
     1>d:\projects\polylib\polylib\polylib.cpp(150): warning C4018: <: несоответствие типов со знаком и без знака
     1>d:\projects\polylib\polylib\polylib.cpp(153): warning C4018: <: несоответствие типов со знаком и без знака
       Link:
         C:\Program Files (x86)\Microsoft Visual Studio 12.0\VC\bin\link.exe /ERRORREPORT:PROMPT /OUT:"D:\Projects\polylib\Debug\polylib.exe" /INCREMENTAL /NOLOGO kernel32.lib user32.lib gdi32.lib winspool.lib comdlg32.lib advapi32.lib shell32.lib ole32.lib oleaut32.lib uuid.lib odbc32.lib odbccp32.lib /MANIFEST /MANIFESTUAC:"level='asInvoker' uiAccess='false'" /manifest:embed /DEBUG /PDB:"D:\Projects\polylib\Debug\polylib.pdb" /SUBSYSTEM:CONSOLE /TLBID:1 /DYNAMICBASE /NXCOMPAT /IMPLIB:"D:\Projects\polylib\Debug\polylib.lib" /MACHINE:X86 Debug\polylib.obj
         Debug\stdafx.obj
         polylib.vcxproj -> D:\Projects\polylib\Debug\polylib.exe
     1>Сборка проекта "D:\Projects\polylib\polylib\polylib.vcxproj" завершена (целевые объекты Rebuild).

Сборка успешно завершена.

Затраченное время: 00:00:02.84
